c:\users\fabio\documents\github\lazyfooengine\x64\debug\vc142.pdb
c:\users\fabio\documents\github\lazyfooengine\x64\debug\vc142.idb
c:\users\fabio\documents\github\lazyfooengine\x64\debug\worldamanager.obj
c:\users\fabio\documents\github\lazyfooengine\x64\debug\texture.obj
c:\users\fabio\documents\github\lazyfooengine\x64\debug\singelton.obj
c:\users\fabio\documents\github\lazyfooengine\x64\debug\renderer.obj
c:\users\fabio\documents\github\lazyfooengine\x64\debug\main.obj
c:\users\fabio\documents\github\lazyfooengine\x64\debug\gameclock.obj
c:\users\fabio\documents\github\lazyfooengine\x64\debug\inputmanager.obj
c:\users\fabio\documents\github\lazyfooengine\x64\debug\object.obj
c:\users\fabio\documents\github\lazyfooengine\x64\debug\playercharacter.obj
c:\users\fabio\documents\github\lazyfooengine\x64\debug\helper.obj
c:\users\fabio\documents\github\lazyfooengine\x64\debug\vector.obj
c:\users\fabio\documents\github\lazyfooengine\x64\debug\subject.obj
c:\users\fabio\documents\github\lazyfooengine\x64\debug\animator.obj
c:\users\fabio\documents\github\lazyfooengine\x64\debug\lazyfooengine.exe
c:\users\fabio\documents\github\lazyfooengine\x64\debug\lazyfooengine.ilk
c:\users\fabio\documents\github\lazyfooengine\x64\debug\lazyfooengine.pdb
c:\users\fabio\documents\github\lazyfooengine\x64\debug\lazyfooengine.tlog\cl.command.1.tlog
c:\users\fabio\documents\github\lazyfooengine\x64\debug\lazyfooengine.tlog\cl.read.1.tlog
c:\users\fabio\documents\github\lazyfooengine\x64\debug\lazyfooengine.tlog\cl.write.1.tlog
c:\users\fabio\documents\github\lazyfooengine\x64\debug\lazyfooengine.tlog\link.command.1.tlog
c:\users\fabio\documents\github\lazyfooengine\x64\debug\lazyfooengine.tlog\link.read.1.tlog
c:\users\fabio\documents\github\lazyfooengine\x64\debug\lazyfooengine.tlog\link.write.1.tlog
