  Animator.cpp
  PlayerASM.cpp
  PlayerCharacter.cpp
  Code wird generiert...
  GameClock.cpp
  Helper.cpp
  Object.cpp
  Renderer.cpp
  Texture.cpp
  Vector.cpp
  main.cpp
  Singelton.cpp
  PlayerAnimationStates.cpp
  InputManager.cpp
  WorldaManager.cpp
C:\Users\fabio\Documents\GitHub\TopDownShooter\Game\WorldaManager.cpp(19,60): warning C4244: "Initialisierung": Konvertierung von "int" in "float", möglicher Datenverlust
C:\Users\fabio\Documents\GitHub\TopDownShooter\Game\WorldaManager.cpp(19,33): warning C4244: "Initialisierung": Konvertierung von "int" in "const float", möglicher Datenverlust
C:\Users\fabio\Documents\GitHub\TopDownShooter\Game\WorldaManager.cpp(20,60): warning C4244: "Initialisierung": Konvertierung von "int" in "float", möglicher Datenverlust
C:\Users\fabio\Documents\GitHub\TopDownShooter\Game\WorldaManager.cpp(20,33): warning C4244: "Initialisierung": Konvertierung von "int" in "const float", möglicher Datenverlust
  Code wird generiert...
  TopDownShooter.vcxproj -> C:\Users\fabio\Documents\GitHub\TopDownShooter\x64\Debug\TopDownShooter.exe
